2016-08-01:06:57, 99 , 20
2016-08-01:06:57, 99 , 34
2016-08-01:06:57, 95.00 , 21
2016-08-01:06:57, 99 , 24
2016-08-01:06:57, 99 , 11
2016-08-01:06:57, 99 , 9
2016-08-01:06:57, 99.00 , 62
2016-08-01:06:57, 99 , 39
2016-08-01:06:57, 99 , 47
2016-08-01:06:57, 99 , 13
2016-08-01:06:57, 107.00 , 7
2016-08-01:06:57, 107.00 , 43
2016-08-01:06:57, 99 , 46
2016-08-01:06:57, 99 , 11
2016-08-01:06:57, 108.00 , 6
2016-08-01:06:57, 108.00 , 32
2016-08-01:06:57, 99 , 42
2016-08-01:06:57, 99 , 33
2016-08-01:06:57, 99.00 , 20
2016-08-01:06:57, 97.00 , 2
2016-08-01:06:57, 97.00 , 46
2016-08-01:06:57, 95.00 , 53
2016-08-01:06:57, 108.00 , 52
2016-08-01:06:57, 108.00 , 7
2016-08-01:06:57, 99 , 76
2016-08-01:06:57, 107.00 , 6
2016-08-01:06:57, 99.00 , 47
2016-08-01:06:57, 95.00 , 1
2016-08-01:06:57, 94.00 , 19
2016-08-01:06:57, 107.00 , 9
2016-08-01:06:57, 108.00 , 32
2016-08-01:06:57, 99 , 7
2016-08-01:06:57, 94.00 , 41
2016-08-01:06:57, 94.00 , 32
2016-08-01:06:57, 99 , 12
2016-08-01:06:57, 99 , 67
2016-08-01:06:57, 98.00 , 14
2016-08-01:06:57, 98.00 , 73
2016-08-01:06:57, 92.00 , 10
2016-08-01:06:57, 98.00 , 1
2016-08-01:06:57, 95.00 , 6
2016-08-01:06:57, 95.00 , 69
2016-08-01:06:57, 95.00 , 5
2016-08-01:06:57, 95.00 , 28
2016-08-01:06:57, 103.00 , 16
2016-08-01:06:57, 108.00 , 3
2016-08-01:06:57, 102.00 , 71
2016-08-01:06:57, 99 , 40
2016-08-01:06:57, 102.00 , 24
2016-08-01:06:57, 108.00 , 13
2016-08-01:06:57, 99 , 27
2016-08-01:06:57, 98.00 , 26
2016-08-01:06:57, 99 , 3
2016-08-01:06:57, 99 , 17
2016-08-01:06:57, 99 , 26
2016-08-01:06:57, 99 , 45
2016-08-01:06:57, 99 , 5
2016-08-01:06:57, 99 , 91
2016-08-01:06:57, 95.00 , 3
2016-08-01:06:57, 95.00 , 18
2016-08-01:06:57, 99 , 52
2016-08-01:06:57, 99 , 32
2016-08-01:06:57, 99 , 12
2016-08-01:06:57, 99 , 51
2016-08-01:06:57, 99 , 4
2016-08-01:06:57, 93.00 , 7
2016-08-01:06:57, 93.00 , 7
2016-08-01:06:57, 94.00 , 51
2016-08-01:06:57, 97.00 , 61
2016-08-01:06:57, 100.00 , 31
2016-08-01:06:57, 103.00 , 2
2016-08-01:06:57, 94.00 , 14
2016-08-01:06:57, 99 , 56
2016-08-01:06:57, 99 , 2
2016-08-01:06:57, 103.00 , 8
2016-08-01:06:57, 94.00 , 78
2016-08-01:06:57, 99 , 14
2016-08-01:06:57, 99 , 4
2016-08-01:06:57, 99 , 15
2016-08-01:06:57, 98.00 , 1
2016-08-01:06:57, 99 , 66
2016-08-01:06:57, 99 , 2
2016-08-01:06:57, 99 , 27
2016-08-01:06:57, 99 , 26
2016-08-01:06:57, 99 , 5
2016-08-01:06:57, 98.00 , 41
2016-08-01:06:57, 99 , 58
2016-08-01:06:57, 96.00 , 10
2016-08-01:06:57, 99 , 21
